2018-08-01 11:14:55 +0000  Initial pipeline context: <IDEDistributionProcessingPipelineContext: 0x7f833a1b2520; archive(resolved)='<IDEArchive: 0x7f833e326bb0>', distributionTask(resolved)='2', distributionMethod(resolved)='<IDEDistributionMethodDevelopmentSigned: 0x7f833f6b3500>', team(resolved)='<IDEProvisioningBasicTeam: 0x7f834f788b50; teamID='93TF9ZT92J', teamName='Shephertz Technologies Private Limited'>'>
	Chain (11, self inclusive):
	<IDEDistributionProcessingPipelineContext: 0x7f833a1b2520; archive = '<IDEArchive: 0x7f833e326bb0>', distributionMethod='<IDEDistributionMethodDevelopmentSigned: 0x7f833f6b3500>', team='<IDEProvisioningBasicTeam: 0x7f834f788b50; teamID='93TF9ZT92J', teamName='Shephertz Technologies Private Limited'>'>
	<IDEDistributionProcessingPipelineContext: 0x7f833dbaedb0; archive = '<IDEArchive: 0x7f833e326bb0>', distributionMethod='<IDEDistributionMethodDevelopmentSigned: 0x7f833f6b3500>', team='<IDEProvisioningBasicTeam: 0x7f834f788b50; teamID='93TF9ZT92J', teamName='Shephertz Technologies Private Limited'>'>
	<IDEDistributionContext: 0x7f833efc8a90; archive = '<IDEArchive: 0x7f833e326bb0>', distributionMethod='<IDEDistributionMethodDevelopmentSigned: 0x7f833f6b3500>', team='<IDEProvisioningBasicTeam: 0x7f834f788b50; teamID='93TF9ZT92J', teamName='Shephertz Technologies Private Limited'>'>
	<IDEDistributionContext: 0x7f83390dd680; archive = '<IDEArchive: 0x7f833e326bb0>', distributionMethod='<IDEDistributionMethodDevelopmentSigned: 0x7f833f6b3500>', team='<IDEProvisioningBasicTeam: 0x7f834f788b50; teamID='93TF9ZT92J', teamName='Shephertz Technologies Private Limited'>'>
	<IDEDistributionContext: 0x7f833ab69340; archive = '<IDEArchive: 0x7f833e326bb0>', distributionMethod='<IDEDistributionMethodDevelopmentSigned: 0x7f833f6b3500>', team='<IDEProvisioningBasicTeam: 0x7f834f788b50; teamID='93TF9ZT92J', teamName='Shephertz Technologies Private Limited'>'>
	<IDEDistributionContext: 0x7f833ed09b90; archive = '<IDEArchive: 0x7f833e326bb0>', distributionMethod='<IDEDistributionMethodDevelopmentSigned: 0x7f833f6b3500>', team='<IDEProvisioningBasicTeam: 0x7f834f788b50; teamID='93TF9ZT92J', teamName='Shephertz Technologies Private Limited'>'>
	<IDEDistributionContext: 0x7f833d524a70; archive = '<IDEArchive: 0x7f833e326bb0>', distributionMethod='<IDEDistributionMethodDevelopmentSigned: 0x7f833f6b3500>', team='<IDEProvisioningBasicTeam: 0x7f834f788b50; teamID='93TF9ZT92J', teamName='Shephertz Technologies Private Limited'>'>
	<IDEDistributionContext: 0x7f8354b1d500; archive = '<IDEArchive: 0x7f833e326bb0>', distributionMethod='<IDEDistributionMethodDevelopmentSigned: 0x7f833f6b3500>', team='<IDEProvisioningBasicTeam: 0x7f834f788b50; teamID='93TF9ZT92J', teamName='Shephertz Technologies Private Limited'>'>
	<IDEDistributionContext: 0x7f833f7e4f90; archive = '<IDEArchive: 0x7f833e326bb0>', distributionMethod='<IDEDistributionMethodDevelopmentSigned: 0x7f833f6b3500>', team='<IDEProvisioningBasicTeam: 0x7f834f788b50; teamID='93TF9ZT92J', teamName='Shephertz Technologies Private Limited'>'>
	<IDEDistributionContext: 0x7f833f7a5d60; archive = '<IDEArchive: 0x7f833e326bb0>', distributionMethod='<IDEDistributionMethodDevelopmentSigned: 0x7f833f6b3500>', team='(null)'>
	<IDEDistributionContext: 0x7f833f7743c0; archive = '<IDEArchive: 0x7f833e326bb0>', distributionMethod='(null)', team='(null)'>
</IDEDistributionProcessingPipelineContext: 0x7f833a1b2520>
2018-08-01 11:14:55 +0000  Processing step: IDEDistributionCreateDestRootStep
2018-08-01 11:14:55 +0000  Processing step: IDEDistributionCopyItemStep
2018-08-01 11:14:55 +0000  Running /usr/bin/ditto '-V' '/Users/Rajeev/Library/Developer/Xcode/Archives/2018-08-01/App42 01-08-18, 4.43 PM.xcarchive/Products/Applications/App42.app' '/var/folders/_m/sb06phqj7hzch6xcq4l7_hqh0000gp/T/XcodeDistPipeline.Zxz/Root/Payload/App42.app'
2018-08-01 11:14:55 +0000  >>> Copying /Users/Rajeev/Library/Developer/Xcode/Archives/2018-08-01/App42 01-08-18, 4.43 PM.xcarchive/Products/Applications/App42.app 
2018-08-01 11:14:55 +0000  
2018-08-01 11:14:55 +0000  copying file ./_CodeSignature/CodeResources ... 
2018-08-01 11:14:56 +0000  33209 bytes for ./_CodeSignature/CodeResources
copying file ./App42 ... 
1497616 bytes for ./App42
2018-08-01 11:14:56 +0000  copying file ./App42.momd/App42.mom ... 
2018-08-01 11:14:56 +0000  3909 bytes for ./App42.momd/App42.mom
copying file ./App42.momd/App42.omo ... 
2018-08-01 11:14:56 +0000  8144 bytes for ./App42.momd/App42.omo
copying file ./App42.momd/VersionInfo.plist ... 
2018-08-01 11:14:56 +0000  355 bytes for ./App42.momd/VersionInfo.plist
2018-08-01 11:14:56 +0000  copying file ./arrow.png ... 
2018-08-01 11:14:56 +0000  1189 bytes for ./arrow.png
copying file ./Assets.car ... 
2018-08-01 11:14:56 +0000  102600 bytes for ./Assets.car
copying file ./back_icon.png ... 
1115 bytes for ./back_icon.png
copying file ./background_button.xml ... 
2018-08-01 11:14:56 +0000  243 bytes for ./background_button.xml
copying file ./background_image.jpg ... 
2018-08-01 11:14:56 +0000  72331 bytes for ./background_image.jpg
copying file ./Base.lproj/LaunchScreen.storyboardc/01J-lp-oVM-view-Ze5-6b-2t3.nib ... 
2018-08-01 11:14:56 +0000  1136 bytes for ./Base.lproj/LaunchScreen.storyboardc/01J-lp-oVM-view-Ze5-6b-2t3.nib
2018-08-01 11:14:56 +0000  copying file ./Base.lproj/LaunchScreen.storyboardc/Info.plist ... 
258 bytes for ./Base.lproj/LaunchScreen.storyboardc/Info.plist
copying file ./Base.lproj/LaunchScreen.storyboardc/UIViewController-01J-lp-oVM.nib ... 
832 bytes for ./Base.lproj/LaunchScreen.storyboardc/UIViewController-01J-lp-oVM.nib
copying file ./Base.lproj/Main.storyboardc/2Fs-W8-Sxn-view-O3p-DO-UYT.nib ... 
6691 bytes for ./Base.lproj/Main.storyboardc/2Fs-W8-Sxn-view-O3p-DO-UYT.nib
copying file ./Base.lproj/Main.storyboardc/5Xq-mT-eKZ-view-gsk-1t-HyA.nib ... 
7273 bytes for ./Base.lproj/Main.storyboardc/5Xq-mT-eKZ-view-gsk-1t-HyA.nib
copying file ./Base.lproj/Main.storyboardc/62V-Mp-kPN-view-UG1-HA-tQa.nib ... 
2018-08-01 11:14:56 +0000  12714 bytes for ./Base.lproj/Main.storyboardc/62V-Mp-kPN-view-UG1-HA-tQa.nib
copying file ./Base.lproj/Main.storyboardc/6qR-uV-tr9-view-q3e-7q-fc9.nib ... 
8551 bytes for ./Base.lproj/Main.storyboardc/6qR-uV-tr9-view-q3e-7q-fc9.nib
copying file ./Base.lproj/Main.storyboardc/App42CartViewController.nib ... 
2018-08-01 11:14:56 +0000  1296 bytes for ./Base.lproj/Main.storyboardc/App42CartViewController.nib
copying file ./Base.lproj/Main.storyboardc/App42ChatViewController.nib ... 
2018-08-01 11:14:56 +0000  954 bytes for ./Base.lproj/Main.storyboardc/App42ChatViewController.nib
copying file ./Base.lproj/Main.storyboardc/App42CongratulationViewController.nib ... 
2018-08-01 11:14:56 +0000  1090 bytes for ./Base.lproj/Main.storyboardc/App42CongratulationViewController.nib
copying file ./Base.lproj/Main.storyboardc/App42CustomerSupportViewController.nib ... 
2018-08-01 11:14:56 +0000  1013 bytes for ./Base.lproj/Main.storyboardc/App42CustomerSupportViewController.nib
2018-08-01 11:14:56 +0000  copying file ./Base.lproj/Main.storyboardc/App42HomeViewController.nib ... 
2018-08-01 11:14:56 +0000  1731 bytes for ./Base.lproj/Main.storyboardc/App42HomeViewController.nib
2018-08-01 11:14:56 +0000  copying file ./Base.lproj/Main.storyboardc/App42LoginViewController.nib ... 
2018-08-01 11:14:56 +0000  2187 bytes for ./Base.lproj/Main.storyboardc/App42LoginViewController.nib
copying file ./Base.lproj/Main.storyboardc/App42MenuViewController.nib ... 
2018-08-01 11:14:56 +0000  1032 bytes for ./Base.lproj/Main.storyboardc/App42MenuViewController.nib
copying file ./Base.lproj/Main.storyboardc/App42PaymentViewController.nib ... 
2018-08-01 11:14:56 +0000  1292 bytes for ./Base.lproj/Main.storyboardc/App42PaymentViewController.nib
copying file ./Base.lproj/Main.storyboardc/App42ProductDetailViewController.nib ... 
2018-08-01 11:14:56 +0000  1346 bytes for ./Base.lproj/Main.storyboardc/App42ProductDetailViewController.nib
copying file ./Base.lproj/Main.storyboardc/App42ProductFeatureViewController.nib ... 
2018-08-01 11:14:56 +0000  1337 bytes for ./Base.lproj/Main.storyboardc/App42ProductFeatureViewController.nib
copying file ./Base.lproj/Main.storyboardc/App42ProfileViewController.nib ... 
2018-08-01 11:14:56 +0000  1035 bytes for ./Base.lproj/Main.storyboardc/App42ProfileViewController.nib
copying file ./Base.lproj/Main.storyboardc/App42RecommendationViewController.nib ... 
2018-08-01 11:14:56 +0000  1040 bytes for ./Base.lproj/Main.storyboardc/App42RecommendationViewController.nib
copying file ./Base.lproj/Main.storyboardc/App42WelcomeViewController.nib ... 
2018-08-01 11:14:56 +0000  1694 bytes for ./Base.lproj/Main.storyboardc/App42WelcomeViewController.nib
copying file ./Base.lproj/Main.storyboardc/App42WishlistViewController.nib ... 
2018-08-01 11:14:56 +0000  1006 bytes for ./Base.lproj/Main.storyboardc/App42WishlistViewController.nib
copying file ./Base.lproj/Main.storyboardc/BYZ-38-t0r-view-8bC-Xf-vdC.nib ... 
2018-08-01 11:14:56 +0000  6664 bytes for ./Base.lproj/Main.storyboardc/BYZ-38-t0r-view-8bC-Xf-vdC.nib
2018-08-01 11:14:56 +0000  copying file ./Base.lproj/Main.storyboardc/e4P-X1-fcV-view-FaY-uI-wBF.nib ... 
2018-08-01 11:14:56 +0000  10370 bytes for ./Base.lproj/Main.storyboardc/e4P-X1-fcV-view-FaY-uI-wBF.nib
copying file ./Base.lproj/Main.storyboardc/e94-NG-kHf-view-M1H-Sy-yfE.nib ... 
2018-08-01 11:14:56 +0000  1149 bytes for ./Base.lproj/Main.storyboardc/e94-NG-kHf-view-M1H-Sy-yfE.nib
copying file ./Base.lproj/Main.storyboardc/GFM-JC-8mJ-view-9N7-Ts-r45.nib ... 
2018-08-01 11:14:56 +0000  8826 bytes for ./Base.lproj/Main.storyboardc/GFM-JC-8mJ-view-9N7-Ts-r45.nib
copying file ./Base.lproj/Main.storyboardc/gQ7-y5-FUq-view-xU2-kb-kfi.nib ... 
8929 bytes for ./Base.lproj/Main.storyboardc/gQ7-y5-FUq-view-xU2-kb-kfi.nib
copying file ./Base.lproj/Main.storyboardc/Info.plist ... 
1461 bytes for ./Base.lproj/Main.storyboardc/Info.plist
copying file ./Base.lproj/Main.storyboardc/ldu-pO-TlA-view-wmt-hw-6Gk.nib ... 
6796 bytes for ./Base.lproj/Main.storyboardc/ldu-pO-TlA-view-wmt-hw-6Gk.nib
copying file ./Base.lproj/Main.storyboardc/qSM-Pa-Hwg-view-Wfc-Re-dyc.nib ... 
9765 bytes for ./Base.lproj/Main.storyboardc/qSM-Pa-Hwg-view-Wfc-Re-dyc.nib
copying file ./Base.lproj/Main.storyboardc/ucL-aT-kiY-view-5ps-Q5-x69.nib ... 
8240 bytes for ./Base.lproj/Main.storyboardc/ucL-aT-kiY-view-5ps-Q5-x69.nib
copying file ./Base.lproj/Main.storyboardc/UINavigationController-3db-me-voP.nib ... 
2465 bytes for ./Base.lproj/Main.storyboardc/UINavigationController-3db-me-voP.nib
copying file ./Base.lproj/Main.storyboardc/UINavigationController-5De-tS-eUq.nib ... 
3121 bytes for ./Base.lproj/Main.storyboardc/UINavigationController-5De-tS-eUq.nib
copying file ./Base.lproj/Main.storyboardc/UINavigationController-8Dh-rH-TP0.nib ... 
2018-08-01 11:14:56 +0000  2916 bytes for ./Base.lproj/Main.storyboardc/UINavigationController-8Dh-rH-TP0.nib
copying file ./Base.lproj/Main.storyboardc/UINavigationController-P2x-Gn-NuX.nib ... 
3189 bytes for ./Base.lproj/Main.storyboardc/UINavigationController-P2x-Gn-NuX.nib
copying file ./Base.lproj/Main.storyboardc/x5m-if-eEc-view-RiN-ys-3Tn.nib ... 
12748 bytes for ./Base.lproj/Main.storyboardc/x5m-if-eEc-view-RiN-ys-3Tn.nib
copying file ./Base.lproj/Main.storyboardc/YBe-P2-eAq-view-Zqs-ZB-0fe.nib ... 
2018-08-01 11:14:56 +0000  12561 bytes for ./Base.lproj/Main.storyboardc/YBe-P2-eAq-view-Zqs-ZB-0fe.nib
copying file ./Base.lproj/Main.storyboardc/Yzl-fC-Zmy-view-meA-x3-Ua0.nib ... 
12463 bytes for ./Base.lproj/Main.storyboardc/Yzl-fC-Zmy-view-meA-x3-Ua0.nib
copying file ./bg_pattern_welcomescreen.png ... 
2018-08-01 11:14:57 +0000  54243 bytes for ./bg_pattern_welcomescreen.png
2018-08-01 11:14:57 +0000  copying file ./blank_dot.png ... 
2018-08-01 11:14:57 +0000  537 bytes for ./blank_dot.png
copying file ./buy_now.png ... 
2018-08-01 11:14:57 +0000  1841 bytes for ./buy_now.png
copying file ./cart_amount.jpg ... 
8302 bytes for ./cart_amount.jpg
copying file ./cart_icon.png ... 
1600 bytes for ./cart_icon.png
copying file ./chat_support_background.xml ... 
254 bytes for ./chat_support_background.xml
copying file ./chat_support_icon.png ... 
3585 bytes for ./chat_support_icon.png
copying file ./chat_user_background.xml ... 
2018-08-01 11:14:57 +0000  254 bytes for ./chat_user_background.xml
copying file ./chat_user_icon.png ... 
2018-08-01 11:14:57 +0000  3636 bytes for ./chat_user_icon.png
copying file ./confimation.png ... 
2018-08-01 11:14:57 +0000  3589 bytes for ./confimation.png
copying file ./confirmation_icon.png ... 
27225 bytes for ./confirmation_icon.png
copying file ./customer_support_icon.png ... 
4252 bytes for ./customer_support_icon.png
copying file ./dummy_icon.png ... 
2018-08-01 11:14:57 +0000  7843 bytes for ./dummy_icon.png
copying file ./embedded.mobileprovision ... 
2018-08-01 11:14:57 +0000  18886 bytes for ./embedded.mobileprovision
copying file ./event_shephertz_logo.png ... 
13166 bytes for ./event_shephertz_logo.png
copying file ./filled_dot.png ... 
325 bytes for ./filled_dot.png
copying file ./gradient_background.xml ... 
545 bytes for ./gradient_background.xml
copying file ./home_icon.png ... 
2018-08-01 11:14:57 +0000  1949 bytes for ./home_icon.png
copying file ./ic_close.png ... 
4695 bytes for ./ic_close.png
copying file ./ic_launcher_background.xml ... 
5606 bytes for ./ic_launcher_background.xml
copying file ./icon_back.png ... 
616 bytes for ./icon_back.png
copying file ./icon_call.png ... 
3396 bytes for ./icon_call.png
copying file ./icon_cancel.png ... 
1233 bytes for ./icon_cancel.png
copying file ./icon_chat.png ... 
1819 bytes for ./icon_chat.png
copying file ./icon_email.png ... 
1238 bytes for ./icon_email.png
copying file ./icon_error.png ... 
979 bytes for ./icon_error.png
copying file ./icon_password.png ... 
898 bytes for ./icon_password.png
copying file ./icon_phone.png ... 
2018-08-01 11:14:57 +0000  731 bytes for ./icon_phone.png
copying file ./icon_search.png ... 
2018-08-01 11:14:57 +0000  937 bytes for ./icon_search.png
copying file ./icon_user.png ... 
2018-08-01 11:14:57 +0000  856 bytes for ./icon_user.png
copying file ./illustration_welcomescreen.png ... 
17987 bytes for ./illustration_welcomescreen.png
copying file ./Info.plist ... 
2018-08-01 11:14:57 +0000  1116 bytes for ./Info.plist
copying file ./log_out_icon.png ... 
1684 bytes for ./log_out_icon.png
copying file ./login_illustration.png ... 
18277 bytes for ./login_illustration.png
copying file ./loginbutton_selector.xml ... 
654 bytes for ./loginbutton_selector.xml
copying file ./menu-button.png ... 
2018-08-01 11:14:57 +0000  186 bytes for ./menu-button.png
copying file ./menu-button@2x.png ... 
174 bytes for ./menu-button@2x.png
copying file ./menu_icon.png ... 
1047 bytes for ./menu_icon.png
copying file ./notifications.png ... 
2018-08-01 11:14:57 +0000  2081 bytes for ./notifications.png
copying file ./outline_background.xml ... 
343 bytes for ./outline_background.xml
copying file ./PkgInfo ... 
2018-08-01 11:14:57 +0000  8 bytes for ./PkgInfo
copying file ./points_icon.png ... 
2018-08-01 11:14:57 +0000  2991 bytes for ./points_icon.png
copying file ./red_outline_background.xml ... 
2018-08-01 11:14:57 +0000  293 bytes for ./red_outline_background.xml
copying file ./send.png ... 
2018-08-01 11:14:57 +0000  3239 bytes for ./send.png
copying file ./settings_icon.png ... 
2018-08-01 11:14:57 +0000  1716 bytes for ./settings_icon.png
copying file ./side_fold.png ... 
2018-08-01 11:14:57 +0000  5241 bytes for ./side_fold.png
copying file ./signupbutton_selector.xml ... 
2018-08-01 11:14:57 +0000  665 bytes for ./signupbutton_selector.xml
copying file ./user_icon.png ... 
3548 bytes for ./user_icon.png
copying file ./welcome_main.png ... 
239521 bytes for ./welcome_main.png
copying file ./white_arrow.png ... 
2018-08-01 11:14:57 +0000  721 bytes for ./white_arrow.png
copying file ./wishlist_fill__icon.png ... 
2018-08-01 11:14:57 +0000  2003 bytes for ./wishlist_fill__icon.png
copying file ./wishlist_icon.png ... 
2018-08-01 11:14:57 +0000  
2018-08-01 11:14:57 +0000  
2018-08-01 11:14:57 +0000  1895 bytes for ./wishlist_icon.png
2018-08-01 11:14:57 +0000  
2018-08-01 11:14:57 +0000  
2018-08-01 11:14:57 +0000  
2018-08-01 11:14:57 +0000  
2018-08-01 11:14:57 +0000  
2018-08-01 11:14:57 +0000  2018-08-01 11:14:57 +0000  /usr/bin/ditto exited with 0
2018-08-01 11:14:57 +0000  

2018-08-01 11:14:57 +0000  Processing step: IDEDistributionEmbedProfileStep
2018-08-01 11:14:57 +0000  Processing step: IDEDistributionAppThinningPlistStep
2018-08-01 11:14:57 +0000  Skipping step: IDEDistributionAppThinningPlistStep because it said so
2018-08-01 11:14:57 +0000  Processing step: IDEDistributionCompileBitcodeStep
2018-08-01 11:14:57 +0000  Skipping step: IDEDistributionCompileBitcodeStep because it said so
2018-08-01 11:14:57 +0000  Processing step: IDEDistributionCodeSlimmingStep
2018-08-01 11:14:57 +0000  Processing step: IDEDistributionCopyBCSymbolMapsStep
2018-08-01 11:14:57 +0000  Skipping step: IDEDistributionCopyBCSymbolMapsStep because it said so
2018-08-01 11:14:58 +0000  Processing step: IDEDistributionSymbolsStep
2018-08-01 11:14:58 +0000  Skipping step: IDEDistributionSymbolsStep because it said so
2018-08-01 11:14:58 +0000  Processing step: IDEDistributionAppThinningStep
2018-08-01 11:14:58 +0000  Skipping step: IDEDistributionAppThinningStep because it said so
2018-08-01 11:14:58 +0000  Processing step: IDEDistributionODRStep
2018-08-01 11:14:58 +0000  Processing step: IDEDistributionStripXattrsStep
2018-08-01 11:14:58 +0000  Running /usr/bin/xattr '-crs' '/var/folders/_m/sb06phqj7hzch6xcq4l7_hqh0000gp/T/XcodeDistPipeline.Zxz/Root/Payload/App42.app'
2018-08-01 11:15:03 +0000  
2018-08-01 11:15:03 +0000  /usr/bin/xattr exited with 0
2018-08-01 11:15:03 +0000  
2018-08-01 11:15:03 +0000  Processing step: IDEDistributionCodesignStep
2018-08-01 11:15:03 +0000  
2018-08-01 11:15:03 +0000  Entitlements for <IDEDistributionItem: 0x7f833bbe6230 'com.shephertz.App42Services' '<DVTFilePath:0x7f833e8b8d70:'/Users/Rajeev/Library/Developer/Xcode/Archives/2018-08-01/App42 01-08-18, 4.43 PM.xcarchive/Products/Applications/App42.app'>'>: {
    "application-identifier" = "93TF9ZT92J.com.shephertz.App42Services";
    "com.apple.developer.team-identifier" = 93TF9ZT92J;
    "get-task-allow" = 1;
    "keychain-access-groups" =     (
        "93TF9ZT92J.com.shephertz.App42Services"
    );
}
2018-08-01 11:15:03 +0000  Writing entitlements for <IDEDistributionItem: 0x7f833bbe6230 'com.shephertz.App42Services' '<DVTFilePath:0x7f833e8b8d70:'/Users/Rajeev/Library/Developer/Xcode/Archives/2018-08-01/App42 01-08-18, 4.43 PM.xcarchive/Products/Applications/App42.app'>'> to: /var/folders/_m/sb06phqj7hzch6xcq4l7_hqh0000gp/T/XcodeDistPipeline.Zxz/entitlementsJjpQsB
2018-08-01 11:15:03 +0000  Running /usr/bin/codesign '-vvv' '--force' '--sign' '6784EC81E5AA3D4F4900789EAA7F31AD6C3C4257' '--preserve-metadata=identifier,flags' '--entitlements' '/var/folders/_m/sb06phqj7hzch6xcq4l7_hqh0000gp/T/XcodeDistPipeline.Zxz/entitlementsJjpQsB' '/var/folders/_m/sb06phqj7hzch6xcq4l7_hqh0000gp/T/XcodeDistPipeline.Zxz/Root/Payload/App42.app'
2018-08-01 11:15:04 +0000  /var/folders/_m/sb06phqj7hzch6xcq4l7_hqh0000gp/T/XcodeDistPipeline.Zxz/Root/Payload/App42.app: replacing existing signature
2018-08-01 11:15:05 +0000  /var/folders/_m/sb06phqj7hzch6xcq4l7_hqh0000gp/T/XcodeDistPipeline.Zxz/Root/Payload/App42.app: signed app bundle with Mach-O thin (arm64) [com.shephertz.App42Services]
2018-08-01 11:15:05 +0000  
2018-08-01 11:15:05 +0000  2018-08-01 11:15:05 +0000  /usr/bin/codesign exited with 0

2018-08-01 11:15:05 +0000  
2018-08-01 11:15:05 +0000  Processing step: IDEDistributionStreamingZipItemStep
2018-08-01 11:15:05 +0000  Skipping step: IDEDistributionStreamingZipItemStep because it said so
2018-08-01 11:15:05 +0000  Processing step: IDEDistributionCreateIPAStep
2018-08-01 11:15:05 +0000  Running /usr/bin/ditto '-V' '-c' '-k' '--norsrc' '/var/folders/_m/sb06phqj7hzch6xcq4l7_hqh0000gp/T/XcodeDistPipeline.Zxz/Root' '/var/folders/_m/sb06phqj7hzch6xcq4l7_hqh0000gp/T/XcodeDistPipeline.Zxz/Packages/App42.ipa'
2018-08-01 11:15:05 +0000  >>> Copying /var/folders/_m/sb06phqj7hzch6xcq4l7_hqh0000gp/T/XcodeDistPipeline.Zxz/Root 
2018-08-01 11:15:05 +0000  copying file ./Payload/App42.app/_CodeSignature/CodeResources ... 
33209 bytes for ./Payload/App42.app/_CodeSignature/CodeResources
copying file ./Payload/App42.app/App42 ... 
2018-08-01 11:15:05 +0000  1497616 bytes for ./Payload/App42.app/App42
copying file ./Payload/App42.app/App42.momd/App42.mom ... 
2018-08-01 11:15:05 +0000  3909 bytes for ./Payload/App42.app/App42.momd/App42.mom
copying file ./Payload/App42.app/App42.momd/App42.omo ... 
2018-08-01 11:15:05 +0000  8144 bytes for ./Payload/App42.app/App42.momd/App42.omo
copying file ./Payload/App42.app/App42.momd/VersionInfo.plist ... 
355 bytes for ./Payload/App42.app/App42.momd/VersionInfo.plist
copying file ./Payload/App42.app/arrow.png ... 
1189 bytes for ./Payload/App42.app/arrow.png
copying file ./Payload/App42.app/Assets.car ... 
102600 bytes for ./Payload/App42.app/Assets.car
copying file ./Payload/App42.app/back_icon.png ... 
1115 bytes for ./Payload/App42.app/back_icon.png
copying file ./Payload/App42.app/background_button.xml ... 
243 bytes for ./Payload/App42.app/background_button.xml
copying file ./Payload/App42.app/background_image.jpg ... 
2018-08-01 11:15:05 +0000  72331 bytes for ./Payload/App42.app/background_image.jpg
copying file ./Payload/App42.app/Base.lproj/LaunchScreen.storyboardc/01J-lp-oVM-view-Ze5-6b-2t3.nib ... 
1136 bytes for ./Payload/App42.app/Base.lproj/LaunchScreen.storyboardc/01J-lp-oVM-view-Ze5-6b-2t3.nib
copying file ./Payload/App42.app/Base.lproj/LaunchScreen.storyboardc/Info.plist ... 
258 bytes for ./Payload/App42.app/Base.lproj/LaunchScreen.storyboardc/Info.plist
copying file ./Payload/App42.app/Base.lproj/LaunchScreen.storyboardc/UIViewController-01J-lp-oVM.nib ... 
832 bytes for ./Payload/App42.app/Base.lproj/LaunchScreen.storyboardc/UIViewController-01J-lp-oVM.nib
copying file ./Payload/App42.app/Base.lproj/Main.storyboardc/2Fs-W8-Sxn-view-O3p-DO-UYT.nib ... 
6691 bytes for ./Payload/App42.app/Base.lproj/Main.storyboardc/2Fs-W8-Sxn-view-O3p-DO-UYT.nib
copying file ./Payload/App42.app/Base.lproj/Main.storyboardc/5Xq-mT-eKZ-view-gsk-1t-HyA.nib ... 
7273 bytes for ./Payload/App42.app/Base.lproj/Main.storyboardc/5Xq-mT-eKZ-view-gsk-1t-HyA.nib
copying file ./Payload/App42.app/Base.lproj/Main.storyboardc/62V-Mp-kPN-view-UG1-HA-tQa.nib ... 
12714 bytes for ./Payload/App42.app/Base.lproj/Main.storyboardc/62V-Mp-kPN-view-UG1-HA-tQa.nib
copying file ./Payload/App42.app/Base.lproj/Main.storyboardc/6qR-uV-tr9-view-q3e-7q-fc9.nib ... 
8551 bytes for ./Payload/App42.app/Base.lproj/Main.storyboardc/6qR-uV-tr9-view-q3e-7q-fc9.nib
copying file ./Payload/App42.app/Base.lproj/Main.storyboardc/App42CartViewController.nib ... 
1296 bytes for ./Payload/App42.app/Base.lproj/Main.storyboardc/App42CartViewController.nib
copying file ./Payload/App42.app/Base.lproj/Main.storyboardc/App42ChatViewController.nib ... 
954 bytes for ./Payload/App42.app/Base.lproj/Main.storyboardc/App42ChatViewController.nib
copying file ./Payload/App42.app/Base.lproj/Main.storyboardc/App42CongratulationViewController.nib ... 
1090 bytes for ./Payload/App42.app/Base.lproj/Main.storyboardc/App42CongratulationViewController.nib
copying file ./Payload/App42.app/Base.lproj/Main.storyboardc/App42CustomerSupportViewController.nib ... 
1013 bytes for ./Payload/App42.app/Base.lproj/Main.storyboardc/App42CustomerSupportViewController.nib
copying file ./Payload/App42.app/Base.lproj/Main.storyboardc/App42HomeViewController.nib ... 
1731 bytes for ./Payload/App42.app/Base.lproj/Main.storyboardc/App42HomeViewController.nib
copying file ./Payload/App42.app/Base.lproj/Main.storyboardc/App42LoginViewController.nib ... 
2187 bytes for ./Payload/App42.app/Base.lproj/Main.storyboardc/App42LoginViewController.nib
copying file ./Payload/App42.app/Base.lproj/Main.storyboardc/App42MenuViewController.nib ... 
2018-08-01 11:15:05 +0000  1032 bytes for ./Payload/App42.app/Base.lproj/Main.storyboardc/App42MenuViewController.nib
copying file ./Payload/App42.app/Base.lproj/Main.storyboardc/App42PaymentViewController.nib ... 
1292 bytes for ./Payload/App42.app/Base.lproj/Main.storyboardc/App42PaymentViewController.nib
copying file ./Payload/App42.app/Base.lproj/Main.storyboardc/App42ProductDetailViewController.nib ... 
1346 bytes for ./Payload/App42.app/Base.lproj/Main.storyboardc/App42ProductDetailViewController.nib
copying file ./Payload/App42.app/Base.lproj/Main.storyboardc/App42ProductFeatureViewController.nib ... 
1337 bytes for ./Payload/App42.app/Base.lproj/Main.storyboardc/App42ProductFeatureViewController.nib
copying file ./Payload/App42.app/Base.lproj/Main.storyboardc/App42ProfileViewController.nib ... 
1035 bytes for ./Payload/App42.app/Base.lproj/Main.storyboardc/App42ProfileViewController.nib
copying file ./Payload/App42.app/Base.lproj/Main.storyboardc/App42RecommendationViewController.nib ... 
1040 bytes for ./Payload/App42.app/Base.lproj/Main.storyboardc/App42RecommendationViewController.nib
copying file ./Payload/App42.app/Base.lproj/Main.storyboardc/App42WelcomeViewController.nib ... 
1694 bytes for ./Payload/App42.app/Base.lproj/Main.storyboardc/App42WelcomeViewController.nib
copying file ./Payload/App42.app/Base.lproj/Main.storyboardc/App42WishlistViewController.nib ... 
1006 bytes for ./Payload/App42.app/Base.lproj/Main.storyboardc/App42WishlistViewController.nib
copying file ./Payload/App42.app/Base.lproj/Main.storyboardc/BYZ-38-t0r-view-8bC-Xf-vdC.nib ... 
6664 bytes for ./Payload/App42.app/Base.lproj/Main.storyboardc/BYZ-38-t0r-view-8bC-Xf-vdC.nib
copying file ./Payload/App42.app/Base.lproj/Main.storyboardc/e4P-X1-fcV-view-FaY-uI-wBF.nib ... 
10370 bytes for ./Payload/App42.app/Base.lproj/Main.storyboardc/e4P-X1-fcV-view-FaY-uI-wBF.nib
copying file ./Payload/App42.app/Base.lproj/Main.storyboardc/e94-NG-kHf-view-M1H-Sy-yfE.nib ... 
1149 bytes for ./Payload/App42.app/Base.lproj/Main.storyboardc/e94-NG-kHf-view-M1H-Sy-yfE.nib
copying file ./Payload/App42.app/Base.lproj/Main.storyboardc/GFM-JC-8mJ-view-9N7-Ts-r45.nib ... 
8826 bytes for ./Payload/App42.app/Base.lproj/Main.storyboardc/GFM-JC-8mJ-view-9N7-Ts-r45.nib
copying file ./Payload/App42.app/Base.lproj/Main.storyboardc/gQ7-y5-FUq-view-xU2-kb-kfi.nib ... 
8929 bytes for ./Payload/App42.app/Base.lproj/Main.storyboardc/gQ7-y5-FUq-view-xU2-kb-kfi.nib
copying file ./Payload/App42.app/Base.lproj/Main.storyboardc/Info.plist ... 
1461 bytes for ./Payload/App42.app/Base.lproj/Main.storyboardc/Info.plist
copying file ./Payload/App42.app/Base.lproj/Main.storyboardc/ldu-pO-TlA-view-wmt-hw-6Gk.nib ... 
6796 bytes for ./Payload/App42.app/Base.lproj/Main.storyboardc/ldu-pO-TlA-view-wmt-hw-6Gk.nib
copying file ./Payload/App42.app/Base.lproj/Main.storyboardc/qSM-Pa-Hwg-view-Wfc-Re-dyc.nib ... 
9765 bytes for ./Payload/App42.app/Base.lproj/Main.storyboardc/qSM-Pa-Hwg-view-Wfc-Re-dyc.nib
copying file ./Payload/App42.app/Base.lproj/Main.storyboardc/ucL-aT-kiY-view-5ps-Q5-x69.nib ... 
8240 bytes for ./Payload/App42.app/Base.lproj/Main.storyboardc/ucL-aT-kiY-view-5ps-Q5-x69.nib
copying file ./Payload/App42.app/Base.lproj/Main.storyboardc/UINavigationController-3db-me-voP.nib ... 
2465 bytes for ./Payload/App42.app/Base.lproj/Main.storyboardc/UINavigationController-3db-me-voP.nib
copying file ./Payload/App42.app/Base.lproj/Main.storyboardc/UINavigationController-5De-tS-eUq.nib ... 
3121 bytes for ./Payload/App42.app/Base.lproj/Main.storyboardc/UINavigationController-5De-tS-eUq.nib
copying file ./Payload/App42.app/Base.lproj/Main.storyboardc/UINavigationController-8Dh-rH-TP0.nib ... 
2916 bytes for ./Payload/App42.app/Base.lproj/Main.storyboardc/UINavigationController-8Dh-rH-TP0.nib
copying file ./Payload/App42.app/Base.lproj/Main.storyboardc/UINavigationController-P2x-Gn-NuX.nib ... 
3189 bytes for ./Payload/App42.app/Base.lproj/Main.storyboardc/UINavigationController-P2x-Gn-NuX.nib
copying file ./Payload/App42.app/Base.lproj/Main.storyboardc/x5m-if-eEc-view-RiN-ys-3Tn.nib ... 
12748 bytes for ./Payload/App
2018-08-01 11:15:05 +0000  42.app/Base.lproj/Main.storyboardc/x5m-if-eEc-view-RiN-ys-3Tn.nib
copying file ./Payload/App42.app/Base.lproj/Main.storyboardc/YBe-P2-eAq-view-Zqs-ZB-0fe.nib ... 
12561 bytes for ./Payload/App42.app/Base.lproj/Main.storyboardc/YBe-P2-eAq-view-Zqs-ZB-0fe.nib
copying file ./Payload/App42.app/Base.lproj/Main.storyboardc/Yzl-fC-Zmy-view-meA-x3-Ua0.nib ... 
12463 bytes for ./Payload/App42.app/Base.lproj/Main.storyboardc/Yzl-fC-Zmy-view-meA-x3-Ua0.nib
copying file ./Payload/App42.app/bg_pattern_welcomescreen.png ... 
54243 bytes for ./Payload/App42.app/bg_pattern_welcomescreen.png
copying file ./Payload/App42.app/blank_dot.png ... 
537 bytes for ./Payload/App42.app/blank_dot.png
copying file ./Payload/App42.app/buy_now.png ... 
1841 bytes for ./Payload/App42.app/buy_now.png
copying file ./Payload/App42.app/cart_amount.jpg ... 
8302 bytes for ./Payload/App42.app/cart_amount.jpg
copying file ./Payload/App42.app/cart_icon.png ... 
1600 bytes for ./Payload/App42.app/cart_icon.png
copying file ./Payload/App42.app/chat_support_background.xml ... 
2018-08-01 11:15:05 +0000  254 bytes for ./Payload/App42.app/chat_support_background.xml
copying file ./Payload/App42.app/chat_support_icon.png ... 
3585 bytes for ./Payload/App42.app/chat_support_icon.png
copying file ./Payload/App42.app/chat_user_background.xml ... 
2018-08-01 11:15:05 +0000  254 bytes for ./Payload/App42.app/chat_user_background.xml
copying file ./Payload/App42.app/chat_user_icon.png ... 
3636 bytes for ./Payload/App42.app/chat_user_icon.png
copying file ./Payload/App42.app/confimation.png ... 
2018-08-01 11:15:05 +0000  3589 bytes for ./Payload/App42.app/confimation.png
copying file ./Payload/App42.app/confirmation_icon.png ... 
27225 bytes for ./Payload/App42.app/confirmation_icon.png
copying file ./Payload/App42.app/customer_support_icon.png ... 
4252 bytes for ./Payload/App42.app/customer_support_icon.png
copying file ./Payload/App42.app/dummy_icon.png ... 
7843 bytes for ./Payload/App42.app/dummy_icon.png
copying file ./Payload/App42.app/embedded.mobileprovision ... 
18886 bytes for ./Payload/App42.app/embedded.mobileprovision
copying file ./Payload/App42.app/event_shephertz_logo.png ... 
13166 bytes for ./Payload/App42.app/event_shephertz_logo.png
copying file ./Payload/App42.app/filled_dot.png ... 
2018-08-01 11:15:05 +0000  325 bytes for ./Payload/App42.app/filled_dot.png
copying file ./Payload/App42.app/gradient_background.xml ... 
545 bytes for ./Payload/App42.app/gradient_background.xml
copying file ./Payload/App42.app/home_icon.png ... 
1949 bytes for ./Payload/App42.app/home_icon.png
copying file ./Payload/App42.app/ic_close.png ... 
4695 bytes for ./Payload/App42.app/ic_close.png
copying file ./Payload/App42.app/ic_launcher_background.xml ... 
5606 bytes for ./Payload/App42.app/ic_launcher_background.xml
copying file ./Payload/App42.app/icon_back.png ... 
616 bytes for ./Payload/App42.app/icon_back.png
copying file ./Payload/App42.app/icon_call.png ... 
3396 bytes for ./Payload/App42.app/icon_call.png
copying file ./Payload/App42.app/icon_cancel.png ... 
1233 bytes for ./Payload/App42.app/icon_cancel.png
copying file ./Payload/App42.app/icon_chat.png ... 
1819 bytes for ./Payload/App42.app/icon_chat.png
copying file ./Payload/App42.app/icon_email.png ... 
1238 bytes for ./Payload/App42.app/icon_email.png
copying file ./Payload/App42.app/icon_error.png ... 
979 bytes for ./Payload/App42.app/icon_error.png
copying file ./Payload/App42.app/icon_password.png ... 
898 bytes for ./Payload/App42.app/icon_password.png
copying file ./Payload/App42.app/icon_phone.png ... 
731 bytes for ./Payload/App42.app/icon_phone.png
copying file ./Payload/App42.app/icon_search.png ... 
937 bytes for ./Payload/App42.app/icon_search.png
copying file ./Payload/App42.app/icon_user.png ... 
856 bytes for ./Payload/App42.app/icon_user.png
copying file ./Payload/App42.app/illustration_welcomescreen.png ... 
17987 bytes for ./Payload/App42.app/illustration_welcomescreen.png
copying file ./Payload/App42.app/Info.plist ... 
1116 bytes for ./Payload/App42.app/Info.plist
copying file ./Payload/App42.app/log_out_icon.png ... 
1684 bytes for ./Payload/App42.app/log_out_icon.png
copying file ./Payload/App42.app/login_illustration.png ... 
18277 bytes for ./Payload/App42.app/login_illustration.png
copying file ./Payload/App42.app/loginbutton_selector.xml ... 
654 bytes for ./Payload/App42.app/loginbutton_selector.xml
copying file ./Payload/App42.app/menu-button.png ... 
186 bytes for ./Payload/App42.app/menu-button.png
copying file ./Payload/App42.app/menu-button@2x.png ... 
174 bytes for ./Payload/App42.app/menu-button@2x.png
copying file ./Payload/App42.app/menu_icon.png ... 
1047 bytes for ./Payload/App42.app/menu_icon.png
copying file ./Payload/App42.app/notifications.png ... 
2081 bytes for ./Payload/App42.app/notifications.png
copying file ./Payload/App42.app/outline_background.xml ... 
343 bytes for ./Payload/App42.app/outline_background.xml
copying file ./Payload/App42.app/PkgInfo ... 
8 bytes for ./Payload/App42.app/PkgInfo
copying file ./Payload/App42.app/points_icon.png ... 
2018-08-01 11:15:05 +0000  2991 bytes for ./Payload/App42.app/points_icon.png
copying file ./Payload/App42.app/red_outline_background.xml ... 
293 bytes for ./Payload/App42.app/red_outline_background.xml
copying file ./Payload/App42.app/send.png ... 
3239 bytes for ./Payload/App42.app/send.png
copying file ./Payload/App42.app/settings_icon.png ... 
1716 bytes for ./Payload/App42.app/settings_icon.png
copying file ./Payload/App42.app/side_fold.png ... 
5241 bytes for ./Payload/App42.app/side_fold.png
copying file ./Payload/App42.app/signupbutton_selector.xml ... 
665 bytes for ./Payload/App42.app/signupbutton_selector.xml
copying file ./Payload/App42.app/user_icon.png ... 
2018-08-01 11:15:05 +0000  3548 bytes for ./Payload/App42.app/user_icon.png
copying file ./Payload/App42.app/welcome_main.png ... 
2018-08-01 11:15:05 +0000  239521 bytes for ./Payload/App42.app/welcome_main.png
copying file ./Payload/App42.app/white_arrow.png ... 
721 bytes for ./Payload/App42.app/white_arrow.png
copying file ./Payload/App42.app/wishlist_fill__icon.png ... 
2003 bytes for ./Payload/App42.app/wishlist_fill__icon.png
copying file ./Payload/App42.app/wishlist_icon.png ... 
1895 bytes for ./Payload/App42.app/wishlist_icon.png
2018-08-01 11:15:05 +0000  /usr/bin/ditto exited with 0
2018-08-01 11:15:05 +0000  Processing step: IDEDistributionCreateManifestStep
2018-08-01 11:15:05 +0000  
